[0.985s] Invoking command in '/home/golftrolley/robot_ws/build/mpu6050driver': CMAKE_PREFIX_PATH=${CMAKE_PREFIX_PATH}:/home/golftrolley/robot_ws/install/stereo_camera_split:/home/golftrolley/robot_ws/install/golftrolley:/opt/ros/jazzy PS1=(venv) \[\e]0;\u@\h: \w\a\]${debian_chroot:+($debian_chroot)}\[\033[01;32m\]\u@\h\[\033[00m\]:\[\033[01;34m\]\w\[\033[00m\]\$ VIRTUAL_ENV_PROMPT=(venv) /usr/bin/cmake --build /home/golftrolley/robot_ws/build/mpu6050driver -- -j4 -l4
[2.104s] -- Found ament_cmake: 2.5.4 (/opt/ros/jazzy/share/ament_cmake/cmake)
[2.323s] -- Found rclcpp: 28.1.10 (/opt/ros/jazzy/share/rclcpp/cmake)
[2.549s] -- Found rosidl_generator_c: 4.6.5 (/opt/ros/jazzy/share/rosidl_generator_c/cmake)
[2.635s] -- Found rosidl_generator_cpp: 4.6.5 (/opt/ros/jazzy/share/rosidl_generator_cpp/cmake)
[2.710s] -- Using all available rosidl_typesupport_c: rosidl_typesupport_fastrtps_c;rosidl_typesupport_introspection_c
[2.799s] -- Using all available rosidl_typesupport_cpp: rosidl_typesupport_fastrtps_cpp;rosidl_typesupport_introspection_cpp
[3.136s] -- Found rmw_implementation_cmake: 7.3.2 (/opt/ros/jazzy/share/rmw_implementation_cmake/cmake)
[3.147s] -- Found rmw_fastrtps_cpp: 8.4.2 (/opt/ros/jazzy/share/rmw_fastrtps_cpp/cmake)
[3.583s] -- Using RMW implementation 'rmw_fastrtps_cpp' as default
[4.205s] -- Found sensor_msgs: 5.3.6 (/opt/ros/jazzy/share/sensor_msgs/cmake)
[5.173s] -- Configuring done (4.1s)
[5.258s] -- Generating done (0.0s)
[6.603s] -- Build files have been written to: /home/golftrolley/robot_ws/build/mpu6050driver
[6.889s] [ 33%] [32mBuilding CXX object CMakeFiles/mpu6050driver.dir/src/mpu6050driver.cpp.o[0m
[6.895s] [ 66%] [32mBuilding CXX object CMakeFiles/mpu6050driver.dir/src/mpu6050sensor.cpp.o[0m
[8.739s] In file included from [01m[K/home/golftrolley/robot_ws/src/ros2_mpu6050_driver/src/mpu6050sensor.cpp:1[m[K:
[8.743s] [01m[K/home/golftrolley/robot_ws/src/ros2_mpu6050_driver/include/mpu6050driver/mpu6050sensor.h:76:28:[m[K [01;31m[Kerror: [m[Kfield â€˜[01m[KACCEL_RANGES[m[Kâ€™ has incomplete type â€˜[01m[Kconst std::array<int, 4>[m[Kâ€™
[8.743s]    76 |   const std::array<int, 4> [01;31m[KACCEL_RANGES[m[K{2, 4, 8, 16};
[8.744s]       |                            [01;31m[K^~~~~~~~~~~~[m[K
[8.746s] In file included from [01m[K/usr/include/c++/13/bits/memory_resource.h:47[m[K,
[8.747s]                  from [01m[K/usr/include/c++/13/string:58[m[K,
[8.747s]                  from [01m[K/home/golftrolley/robot_ws/src/ros2_mpu6050_driver/include/mpu6050driver/mpu6050sensor.h:4[m[K:
[8.748s] [01m[K/usr/include/c++/13/tuple:2019:45:[m[K [01;36m[Knote: [m[Kdeclaration of â€˜[01m[Kstruct std::array<int, 4>[m[Kâ€™
[8.752s]  2019 |   template<typename _Tp, size_t _Nm> struct [01;36m[Karray[m[K;
[8.752s]       |                                             [01;36m[K^~~~~[m[K
[8.753s] [01m[K/home/golftrolley/robot_ws/src/ros2_mpu6050_driver/include/mpu6050driver/mpu6050sensor.h:77:28:[m[K [01;31m[Kerror: [m[Kfield â€˜[01m[KGYRO_RANGES[m[Kâ€™ has incomplete type â€˜[01m[Kconst std::array<int, 4>[m[Kâ€™
[8.754s]    77 |   const std::array<int, 4> [01;31m[KGYRO_RANGES[m[K{250, 500, 1000, 2000};
[8.754s]       |                            [01;31m[K^~~~~~~~~~~[m[K
[8.758s] [01m[K/usr/include/c++/13/tuple:2019:45:[m[K [01;36m[Knote: [m[Kdeclaration of â€˜[01m[Kstruct std::array<int, 4>[m[Kâ€™
[8.759s]  2019 |   template<typename _Tp, size_t _Nm> struct [01;36m[Karray[m[K;
[8.759s]       |                                             [01;36m[K^~~~~[m[K
[8.760s] [01m[K/home/golftrolley/robot_ws/src/ros2_mpu6050_driver/include/mpu6050driver/mpu6050sensor.h:78:28:[m[K [01;31m[Kerror: [m[Kfield â€˜[01m[KDLPF_RANGES[m[Kâ€™ has incomplete type â€˜[01m[Kconst std::array<int, 7>[m[Kâ€™
[8.764s]    78 |   const std::array<int, 7> [01;31m[KDLPF_RANGES[m[K{260, 184, 94, 44, 21, 10, 5};
[8.765s]       |                            [01;31m[K^~~~~~~~~~~[m[K
[8.765s] [01m[K/usr/include/c++/13/tuple:2019:45:[m[K [01;36m[Knote: [m[Kdeclaration of â€˜[01m[Kstruct std::array<int, 7>[m[Kâ€™
[8.766s]  2019 |   template<typename _Tp, size_t _Nm> struct [01;36m[Karray[m[K;
[8.770s]       |                                             [01;36m[K^~~~~[m[K
[9.926s] gmake[2]: *** [CMakeFiles/mpu6050driver.dir/build.make:90: CMakeFiles/mpu6050driver.dir/src/mpu6050sensor.cpp.o] Error 1
[9.930s] gmake[2]: *** Waiting for unfinished jobs....
[10.091s] In file included from [01m[K/home/golftrolley/robot_ws/src/ros2_mpu6050_driver/include/mpu6050driver/mpu6050driver.h:4[m[K,
[10.097s]                  from [01m[K/home/golftrolley/robot_ws/src/ros2_mpu6050_driver/src/mpu6050driver.cpp:1[m[K:
[10.102s] [01m[K/home/golftrolley/robot_ws/src/ros2_mpu6050_driver/include/mpu6050driver/mpu6050sensor.h:76:28:[m[K [01;31m[Kerror: [m[Kfield â€˜[01m[KACCEL_RANGES[m[Kâ€™ has incomplete type â€˜[01m[Kconst std::array<int, 4>[m[Kâ€™
[10.111s]    76 |   const std::array<int, 4> [01;31m[KACCEL_RANGES[m[K{2, 4, 8, 16};
[10.117s]       |                            [01;31m[K^~~~~~~~~~~~[m[K
[10.122s] In file included from [01m[K/usr/include/c++/13/bits/memory_resource.h:47[m[K,
[10.130s]                  from [01m[K/usr/include/c++/13/string:58[m[K,
[10.135s]                  from [01m[K/home/golftrolley/robot_ws/src/ros2_mpu6050_driver/include/mpu6050driver/mpu6050sensor.h:4[m[K:
[10.139s] [01m[K/usr/include/c++/13/tuple:2019:45:[m[K [01;36m[Knote: [m[Kdeclaration of â€˜[01m[Kstruct std::array<int, 4>[m[Kâ€™
[10.144s]  2019 |   template<typename _Tp, size_t _Nm> struct [01;36m[Karray[m[K;
[10.149s]       |                                             [01;36m[K^~~~~[m[K
[10.154s] [01m[K/home/golftrolley/robot_ws/src/ros2_mpu6050_driver/include/mpu6050driver/mpu6050sensor.h:77:28:[m[K [01;31m[Kerror: [m[Kfield â€˜[01m[KGYRO_RANGES[m[Kâ€™ has incomplete type â€˜[01m[Kconst std::array<int, 4>[m[Kâ€™
[10.159s]    77 |   const std::array<int, 4> [01;31m[KGYRO_RANGES[m[K{250, 500, 1000, 2000};
[10.164s]       |                            [01;31m[K^~~~~~~~~~~[m[K
[10.169s] [01m[K/usr/include/c++/13/tuple:2019:45:[m[K [01;36m[Knote: [m[Kdeclaration of â€˜[01m[Kstruct std::array<int, 4>[m[Kâ€™
[10.175s]  2019 |   template<typename _Tp, size_t _Nm> struct [01;36m[Karray[m[K;
[10.181s]       |                                             [01;36m[K^~~~~[m[K
[10.186s] [01m[K/home/golftrolley/robot_ws/src/ros2_mpu6050_driver/include/mpu6050driver/mpu6050sensor.h:78:28:[m[K [01;31m[Kerror: [m[Kfield â€˜[01m[KDLPF_RANGES[m[Kâ€™ has incomplete type â€˜[01m[Kconst std::array<int, 7>[m[Kâ€™
[10.191s]    78 |   const std::array<int, 7> [01;31m[KDLPF_RANGES[m[K{260, 184, 94, 44, 21, 10, 5};
[10.196s]       |                            [01;31m[K^~~~~~~~~~~[m[K
[10.200s] [01m[K/usr/include/c++/13/tuple:2019:45:[m[K [01;36m[Knote: [m[Kdeclaration of â€˜[01m[Kstruct std::array<int, 7>[m[Kâ€™
[10.204s]  2019 |   template<typename _Tp, size_t _Nm> struct [01;36m[Karray[m[K;
[10.209s]       |                                             [01;36m[K^~~~~[m[K
[21.482s] gmake[2]: *** [CMakeFiles/mpu6050driver.dir/build.make:76: CMakeFiles/mpu6050driver.dir/src/mpu6050driver.cpp.o] Error 1
[21.483s] gmake[1]: *** [CMakeFiles/Makefile2:137: CMakeFiles/mpu6050driver.dir/all] Error 2
[21.484s] gmake: *** [Makefile:146: all] Error 2
[21.493s] Invoked command in '/home/golftrolley/robot_ws/build/mpu6050driver' returned '2': CMAKE_PREFIX_PATH=${CMAKE_PREFIX_PATH}:/home/golftrolley/robot_ws/install/stereo_camera_split:/home/golftrolley/robot_ws/install/golftrolley:/opt/ros/jazzy PS1=(venv) \[\e]0;\u@\h: \w\a\]${debian_chroot:+($debian_chroot)}\[\033[01;32m\]\u@\h\[\033[00m\]:\[\033[01;34m\]\w\[\033[00m\]\$ VIRTUAL_ENV_PROMPT=(venv) /usr/bin/cmake --build /home/golftrolley/robot_ws/build/mpu6050driver -- -j4 -l4
