[1.011s] Invoking command in '/home/golftrolley/robot_ws/build/mpu6050driver': CMAKE_PREFIX_PATH=${CMAKE_PREFIX_PATH}:/home/golftrolley/robot_ws/install/stereo_camera_split:/home/golftrolley/robot_ws/install/golftrolley:/opt/ros/jazzy /usr/bin/cmake /home/golftrolley/robot_ws/src/ros2_mpu6050_driver -DCMAKE_INSTALL_PREFIX=/home/golftrolley/robot_ws/install/mpu6050driver
[2.116s] -- The C compiler identification is GNU 13.3.0
[2.118s] -- The CXX compiler identification is GNU 13.3.0
[2.119s] -- Detecting C compiler ABI info
[2.226s] -- Detecting C compiler ABI info - done
[2.267s] -- Check for working C compiler: /usr/bin/cc - skipped
[2.272s] -- Detecting C compile features
[2.280s] -- Detecting C compile features - done
[2.346s] -- Detecting CXX compiler ABI info
[3.160s] -- Detecting CXX compiler ABI info - done
[3.244s] -- Check for working CXX compiler: /usr/bin/c++ - skipped
[3.249s] -- Detecting CXX compile features
[3.250s] -- Detecting CXX compile features - done
[3.285s] -- Found ament_cmake: 2.5.4 (/opt/ros/jazzy/share/ament_cmake/cmake)
[4.830s] -- Found Python3: /usr/bin/python3 (found version "3.12.3") found components: Interpreter 
[5.829s] -- Found rclcpp: 28.1.10 (/opt/ros/jazzy/share/rclcpp/cmake)
[6.311s] -- Found rosidl_generator_c: 4.6.5 (/opt/ros/jazzy/share/rosidl_generator_c/cmake)
[6.482s] -- Found rosidl_generator_cpp: 4.6.5 (/opt/ros/jazzy/share/rosidl_generator_cpp/cmake)
[6.647s] -- Using all available rosidl_typesupport_c: rosidl_typesupport_fastrtps_c;rosidl_typesupport_introspection_c
[6.823s] -- Using all available rosidl_typesupport_cpp: rosidl_typesupport_fastrtps_cpp;rosidl_typesupport_introspection_cpp
[7.447s] -- Found rmw_implementation_cmake: 7.3.2 (/opt/ros/jazzy/share/rmw_implementation_cmake/cmake)
[7.482s] -- Found rmw_fastrtps_cpp: 8.4.2 (/opt/ros/jazzy/share/rmw_fastrtps_cpp/cmake)
[8.075s] -- Found OpenSSL: /usr/lib/aarch64-linux-gnu/libcrypto.so (found version "3.0.13")  
[8.185s] -- Found FastRTPS: /opt/ros/jazzy/include (Required is at least version "2.13") 
[8.294s] -- Using RMW implementation 'rmw_fastrtps_cpp' as default
[9.715s] -- Found sensor_msgs: 5.3.6 (/opt/ros/jazzy/share/sensor_msgs/cmake)
[10.518s] -- Configuring done (9.5s)
[10.591s] -- Generating done (0.0s)
[10.608s] -- Build files have been written to: /home/golftrolley/robot_ws/build/mpu6050driver
[10.648s] Invoked command in '/home/golftrolley/robot_ws/build/mpu6050driver' returned '0': CMAKE_PREFIX_PATH=${CMAKE_PREFIX_PATH}:/home/golftrolley/robot_ws/install/stereo_camera_split:/home/golftrolley/robot_ws/install/golftrolley:/opt/ros/jazzy /usr/bin/cmake /home/golftrolley/robot_ws/src/ros2_mpu6050_driver -DCMAKE_INSTALL_PREFIX=/home/golftrolley/robot_ws/install/mpu6050driver
[10.653s] Invoking command in '/home/golftrolley/robot_ws/build/mpu6050driver': CMAKE_PREFIX_PATH=${CMAKE_PREFIX_PATH}:/home/golftrolley/robot_ws/install/stereo_camera_split:/home/golftrolley/robot_ws/install/golftrolley:/opt/ros/jazzy /usr/bin/cmake --build /home/golftrolley/robot_ws/build/mpu6050driver -- -j4 -l4
[10.911s] [ 33%] [32mBuilding CXX object CMakeFiles/mpu6050driver.dir/src/mpu6050driver.cpp.o[0m
[10.912s] [ 66%] [32mBuilding CXX object CMakeFiles/mpu6050driver.dir/src/mpu6050sensor.cpp.o[0m
[11.707s] [01m[K/home/golftrolley/robot_ws/src/ros2_mpu6050_driver/src/mpu6050sensor.cpp:6:10:[m[K [01;31m[Kfatal error: [m[Ki2c/smbus.h: No such file or directory
[11.708s]     6 | #include [01;31m[K<i2c/smbus.h>[m[K
[11.709s]       |          [01;31m[K^~~~~~~~~~~~~[m[K
[11.710s] compilation terminated.
[11.724s] gmake[2]: *** [CMakeFiles/mpu6050driver.dir/build.make:90: CMakeFiles/mpu6050driver.dir/src/mpu6050sensor.cpp.o] Error 1
[11.725s] gmake[2]: *** Waiting for unfinished jobs....
[14.832s] In file included from [01m[K/home/golftrolley/robot_ws/src/ros2_mpu6050_driver/include/mpu6050driver/mpu6050driver.h:4[m[K,
[14.833s]                  from [01m[K/home/golftrolley/robot_ws/src/ros2_mpu6050_driver/src/mpu6050driver.cpp:1[m[K:
[14.833s] [01m[K/home/golftrolley/robot_ws/src/ros2_mpu6050_driver/include/mpu6050driver/mpu6050sensor.h:76:28:[m[K [01;31m[Kerror: [m[Kfield â€˜[01m[KACCEL_RANGES[m[Kâ€™ has incomplete type â€˜[01m[Kconst std::array<int, 4>[m[Kâ€™
[14.833s]    76 |   const std::array<int, 4> [01;31m[KACCEL_RANGES[m[K{2, 4, 8, 16};
[14.834s]       |                            [01;31m[K^~~~~~~~~~~~[m[K
[15.537s] In file included from [01m[K/usr/include/c++/13/bits/memory_resource.h:47[m[K,
[15.539s]                  from [01m[K/usr/include/c++/13/string:58[m[K,
[15.541s]                  from [01m[K/home/golftrolley/robot_ws/src/ros2_mpu6050_driver/include/mpu6050driver/mpu6050sensor.h:4[m[K:
[15.542s] [01m[K/usr/include/c++/13/tuple:2019:45:[m[K [01;36m[Knote: [m[Kdeclaration of â€˜[01m[Kstruct std::array<int, 4>[m[Kâ€™
[15.543s]  2019 |   template<typename _Tp, size_t _Nm> struct [01;36m[Karray[m[K;
[15.544s]       |                                             [01;36m[K^~~~~[m[K
[15.544s] [01m[K/home/golftrolley/robot_ws/src/ros2_mpu6050_driver/include/mpu6050driver/mpu6050sensor.h:77:28:[m[K [01;31m[Kerror: [m[Kfield â€˜[01m[KGYRO_RANGES[m[Kâ€™ has incomplete type â€˜[01m[Kconst std::array<int, 4>[m[Kâ€™
[15.545s]    77 |   const std::array<int, 4> [01;31m[KGYRO_RANGES[m[K{250, 500, 1000, 2000};
[15.545s]       |                            [01;31m[K^~~~~~~~~~~[m[K
[15.546s] [01m[K/usr/include/c++/13/tuple:2019:45:[m[K [01;36m[Knote: [m[Kdeclaration of â€˜[01m[Kstruct std::array<int, 4>[m[Kâ€™
[15.546s]  2019 |   template<typename _Tp, size_t _Nm> struct [01;36m[Karray[m[K;
[15.547s]       |                                             [01;36m[K^~~~~[m[K
[15.547s] [01m[K/home/golftrolley/robot_ws/src/ros2_mpu6050_driver/include/mpu6050driver/mpu6050sensor.h:78:28:[m[K [01;31m[Kerror: [m[Kfield â€˜[01m[KDLPF_RANGES[m[Kâ€™ has incomplete type â€˜[01m[Kconst std::array<int, 7>[m[Kâ€™
[15.548s]    78 |   const std::array<int, 7> [01;31m[KDLPF_RANGES[m[K{260, 184, 94, 44, 21, 10, 5};
[15.548s]       |                            [01;31m[K^~~~~~~~~~~[m[K
[15.549s] [01m[K/usr/include/c++/13/tuple:2019:45:[m[K [01;36m[Knote: [m[Kdeclaration of â€˜[01m[Kstruct std::array<int, 7>[m[Kâ€™
[15.549s]  2019 |   template<typename _Tp, size_t _Nm> struct [01;36m[Karray[m[K;
[15.550s]       |                                             [01;36m[K^~~~~[m[K
[26.893s] gmake[2]: *** [CMakeFiles/mpu6050driver.dir/build.make:76: CMakeFiles/mpu6050driver.dir/src/mpu6050driver.cpp.o] Error 1
[26.894s] gmake[1]: *** [CMakeFiles/Makefile2:137: CMakeFiles/mpu6050driver.dir/all] Error 2
[26.895s] gmake: *** [Makefile:146: all] Error 2
[26.903s] Invoked command in '/home/golftrolley/robot_ws/build/mpu6050driver' returned '2': CMAKE_PREFIX_PATH=${CMAKE_PREFIX_PATH}:/home/golftrolley/robot_ws/install/stereo_camera_split:/home/golftrolley/robot_ws/install/golftrolley:/opt/ros/jazzy /usr/bin/cmake --build /home/golftrolley/robot_ws/build/mpu6050driver -- -j4 -l4
