[0.065s] Invoking command in '/home/golftrolley/robot_ws/build/stereo_camera_node': CMAKE_PREFIX_PATH=${CMAKE_PREFIX_PATH}:/home/golftrolley/robot_ws/install/stereo_camera_split:/home/golftrolley/robot_ws/install/serial_motor_demo:/home/golftrolley/robot_ws/install/golftrolley:/opt/ros/jazzy /usr/bin/cmake /home/golftrolley/robot_ws/src/stereo_camera_node -DCMAKE_INSTALL_PREFIX=/home/golftrolley/robot_ws/install/stereo_camera_node
[1.328s] -- The C compiler identification is GNU 13.3.0
[2.040s] -- The CXX compiler identification is GNU 13.3.0
[2.150s] -- Detecting C compiler ABI info
[4.744s] -- Detecting C compiler ABI info - done
[4.787s] -- Check for working C compiler: /usr/bin/cc - skipped
[4.803s] -- Detecting C compile features
[4.805s] -- Detecting C compile features - done
[4.864s] -- Detecting CXX compiler ABI info
[5.490s] -- Detecting CXX compiler ABI info - done
[5.533s] -- Check for working CXX compiler: /usr/bin/c++ - skipped
[5.534s] -- Detecting CXX compile features
[5.537s] -- Detecting CXX compile features - done
[5.574s] -- Found ament_cmake: 2.5.4 (/opt/ros/jazzy/share/ament_cmake/cmake)
[6.612s] -- Found Python3: /usr/bin/python3 (found version "3.12.3") found components: Interpreter 
[7.312s] -- Found rclcpp: 28.1.10 (/opt/ros/jazzy/share/rclcpp/cmake)
[7.656s] -- Found rosidl_generator_c: 4.6.5 (/opt/ros/jazzy/share/rosidl_generator_c/cmake)
[7.763s] -- Found rosidl_generator_cpp: 4.6.5 (/opt/ros/jazzy/share/rosidl_generator_cpp/cmake)
[7.883s] -- Using all available rosidl_typesupport_c: rosidl_typesupport_fastrtps_c;rosidl_typesupport_introspection_c
[8.010s] -- Using all available rosidl_typesupport_cpp: rosidl_typesupport_fastrtps_cpp;rosidl_typesupport_introspection_cpp
[8.473s] -- Found rmw_implementation_cmake: 7.3.2 (/opt/ros/jazzy/share/rmw_implementation_cmake/cmake)
[8.501s] -- Found rmw_fastrtps_cpp: 8.4.2 (/opt/ros/jazzy/share/rmw_fastrtps_cpp/cmake)
[9.097s] -- Found OpenSSL: /usr/lib/aarch64-linux-gnu/libcrypto.so (found version "3.0.13")  
[9.195s] -- Found FastRTPS: /opt/ros/jazzy/include (Required is at least version "2.13") 
[9.300s] -- Using RMW implementation 'rmw_fastrtps_cpp' as default
[9.693s] -- Found sensor_msgs: 5.3.6 (/opt/ros/jazzy/share/sensor_msgs/cmake)
[9.962s] -- Found cv_bridge: 4.1.0 (/opt/ros/jazzy/share/cv_bridge/cmake)
[10.057s] -- Found OpenCV: /usr (found version "4.6.0") 
[10.081s] -- Found ament_lint_auto: 0.17.2 (/opt/ros/jazzy/share/ament_lint_auto/cmake)
[10.820s] -- Added test 'cppcheck' to perform static code analysis on C / C++ code
[10.820s] -- Configured cppcheck include dirs: 
[10.821s] -- Configured cppcheck exclude dirs and/or files: 
[10.829s] -- Added test 'lint_cmake' to check CMake code style
[10.841s] -- Added test 'uncrustify' to check C / C++ code style
[10.841s] -- Configured uncrustify additional arguments: 
[10.847s] -- Added test 'xmllint' to check XML markup files
[10.863s] -- Configuring done (10.7s)
[10.973s] -- Generating done (0.1s)
[10.998s] -- Build files have been written to: /home/golftrolley/robot_ws/build/stereo_camera_node
[11.048s] Invoked command in '/home/golftrolley/robot_ws/build/stereo_camera_node' returned '0': CMAKE_PREFIX_PATH=${CMAKE_PREFIX_PATH}:/home/golftrolley/robot_ws/install/stereo_camera_split:/home/golftrolley/robot_ws/install/serial_motor_demo:/home/golftrolley/robot_ws/install/golftrolley:/opt/ros/jazzy /usr/bin/cmake /home/golftrolley/robot_ws/src/stereo_camera_node -DCMAKE_INSTALL_PREFIX=/home/golftrolley/robot_ws/install/stereo_camera_node
[11.056s] Invoking command in '/home/golftrolley/robot_ws/build/stereo_camera_node': CMAKE_PREFIX_PATH=${CMAKE_PREFIX_PATH}:/home/golftrolley/robot_ws/install/stereo_camera_split:/home/golftrolley/robot_ws/install/serial_motor_demo:/home/golftrolley/robot_ws/install/golftrolley:/opt/ros/jazzy /usr/bin/cmake --build /home/golftrolley/robot_ws/build/stereo_camera_node -- -j4 -l4
[11.380s] [ 25%] [32mBuilding CXX object CMakeFiles/stereo_calibration_capture.dir/src/stereo_calibration_capture.cpp.o[0m
[11.392s] [ 50%] [32mBuilding CXX object CMakeFiles/stereo_camera_node.dir/src/stereo_camera_node.cpp.o[0m
[11.452s] [01m[K/home/golftrolley/robot_ws/src/stereo_camera_node/src/stereo_calibration_capture.cpp:1:10:[m[K [01;31m[Kfatal error: [m[Krclcpp/rclcpp.hpp: No such file or directory
[11.453s]     1 | #include [01;31m[K<rclcpp/rclcpp.hpp>[m[K
[11.454s]       |          [01;31m[K^~~~~~~~~~~~~~~~~~~[m[K
[11.454s] compilation terminated.
[11.461s] gmake[2]: *** [CMakeFiles/stereo_calibration_capture.dir/build.make:76: CMakeFiles/stereo_calibration_capture.dir/src/stereo_calibration_capture.cpp.o] Error 1
[11.462s] gmake[1]: *** [CMakeFiles/Makefile2:139: CMakeFiles/stereo_calibration_capture.dir/all] Error 2
[11.462s] gmake[1]: *** Waiting for unfinished jobs....
[44.189s] [ 75%] [32m[1mLinking CXX executable stereo_camera_node[0m
[47.578s] [ 75%] Built target stereo_camera_node
[47.584s] gmake: *** [Makefile:146: all] Error 2
[47.592s] Invoked command in '/home/golftrolley/robot_ws/build/stereo_camera_node' returned '2': CMAKE_PREFIX_PATH=${CMAKE_PREFIX_PATH}:/home/golftrolley/robot_ws/install/stereo_camera_split:/home/golftrolley/robot_ws/install/serial_motor_demo:/home/golftrolley/robot_ws/install/golftrolley:/opt/ros/jazzy /usr/bin/cmake --build /home/golftrolley/robot_ws/build/stereo_camera_node -- -j4 -l4
