[01m[K/home/golftrolley/robot_ws/src/stereo_camera_node/src/main.cpp:1:10:[m[K [01;31m[Kfatal error: [m[Kstereo_camera_node.hpp: No such file or directory
    1 | #include [01;31m[K"stereo_camera_node.hpp"[m[K
      |          [01;31m[K^~~~~~~~~~~~~~~~~~~~~~~~[m[K
compilation terminated.
gmake[2]: *** [CMakeFiles/stereo_camera_node.dir/build.make:76: CMakeFiles/stereo_camera_node.dir/src/main.cpp.o] Error 1
gmake[2]: *** Waiting for unfinished jobs....
gmake[1]: *** [CMakeFiles/Makefile2:165: CMakeFiles/stereo_camera_node.dir/all] Error 2
gmake: *** [Makefile:146: all] Error 2
