[0.058s] Invoking command in '/home/golftrolley/robot_ws/build/stereo_camera_node': CMAKE_PREFIX_PATH=${CMAKE_PREFIX_PATH}:/home/golftrolley/robot_ws/install/stereo_camera_split:/home/golftrolley/robot_ws/install/serial_motor_demo:/home/golftrolley/robot_ws/install/golftrolley:/opt/ros/jazzy /usr/bin/cmake --build /home/golftrolley/robot_ws/build/stereo_camera_node -- -j4 -l4
[0.214s] -- Found ament_cmake: 2.5.4 (/opt/ros/jazzy/share/ament_cmake/cmake)
[1.321s] -- Found rclcpp: 28.1.10 (/opt/ros/jazzy/share/rclcpp/cmake)
[1.482s] -- Found rosidl_generator_c: 4.6.5 (/opt/ros/jazzy/share/rosidl_generator_c/cmake)
[1.523s] -- Found rosidl_generator_cpp: 4.6.5 (/opt/ros/jazzy/share/rosidl_generator_cpp/cmake)
[1.581s] -- Using all available rosidl_typesupport_c: rosidl_typesupport_fastrtps_c;rosidl_typesupport_introspection_c
[1.648s] -- Using all available rosidl_typesupport_cpp: rosidl_typesupport_fastrtps_cpp;rosidl_typesupport_introspection_cpp
[1.893s] -- Found rmw_implementation_cmake: 7.3.2 (/opt/ros/jazzy/share/rmw_implementation_cmake/cmake)
[1.900s] -- Found rmw_fastrtps_cpp: 8.4.2 (/opt/ros/jazzy/share/rmw_fastrtps_cpp/cmake)
[2.188s] -- Using RMW implementation 'rmw_fastrtps_cpp' as default
[2.437s] -- Found sensor_msgs: 5.3.6 (/opt/ros/jazzy/share/sensor_msgs/cmake)
[2.642s] -- Found cv_bridge: 4.1.0 (/opt/ros/jazzy/share/cv_bridge/cmake)
[2.704s] -- Found ament_lint_auto: 0.17.2 (/opt/ros/jazzy/share/ament_lint_auto/cmake)
[3.228s] -- Added test 'cppcheck' to perform static code analysis on C / C++ code
[3.229s] -- Configured cppcheck include dirs: 
[3.229s] -- Configured cppcheck exclude dirs and/or files: 
[3.248s] -- Added test 'lint_cmake' to check CMake code style
[3.300s] -- Added test 'uncrustify' to check C / C++ code style
[3.300s] -- Configured uncrustify additional arguments: 
[3.307s] -- Added test 'xmllint' to check XML markup files
[3.311s] -- Configuring done (3.1s)
[3.429s] -- Generating done (0.1s)
[3.456s] -- Build files have been written to: /home/golftrolley/robot_ws/build/stereo_camera_node
[3.862s] [ 60%] Built target stereo_calibration_capture
[3.863s] [ 60%] [32mBuilding CXX object CMakeFiles/stereo_camera_node.dir/src/stereo_camera_node.cpp.o[0m
[3.871s] [ 80%] [32mBuilding CXX object CMakeFiles/stereo_camera_node.dir/src/main.cpp.o[0m
[3.970s] [01m[K/home/golftrolley/robot_ws/src/stereo_camera_node/src/main.cpp:1:10:[m[K [01;31m[Kfatal error: [m[Kstereo_camera_node.hpp: No such file or directory
[3.970s]     1 | #include [01;31m[K"stereo_camera_node.hpp"[m[K
[3.971s]       |          [01;31m[K^~~~~~~~~~~~~~~~~~~~~~~~[m[K
[3.971s] compilation terminated.
[3.975s] gmake[2]: *** [CMakeFiles/stereo_camera_node.dir/build.make:76: CMakeFiles/stereo_camera_node.dir/src/main.cpp.o] Error 1
[3.976s] gmake[2]: *** Waiting for unfinished jobs....
[29.764s] gmake[1]: *** [CMakeFiles/Makefile2:165: CMakeFiles/stereo_camera_node.dir/all] Error 2
[29.766s] gmake: *** [Makefile:146: all] Error 2
[29.776s] Invoked command in '/home/golftrolley/robot_ws/build/stereo_camera_node' returned '2': CMAKE_PREFIX_PATH=${CMAKE_PREFIX_PATH}:/home/golftrolley/robot_ws/install/stereo_camera_split:/home/golftrolley/robot_ws/install/serial_motor_demo:/home/golftrolley/robot_ws/install/golftrolley:/opt/ros/jazzy /usr/bin/cmake --build /home/golftrolley/robot_ws/build/stereo_camera_node -- -j4 -l4
