[0.997s] Invoking command in '/home/golftrolley/robot_ws/build/mpu6050driver': CMAKE_PREFIX_PATH=${CMAKE_PREFIX_PATH}:/home/golftrolley/robot_ws/install/stereo_camera_split:/home/golftrolley/robot_ws/install/golftrolley:/opt/ros/jazzy /usr/bin/cmake --build /home/golftrolley/robot_ws/build/mpu6050driver -- -j4 -l4
[2.017s] [ 33%] [32mBuilding CXX object CMakeFiles/mpu6050driver.dir/src/mpu6050driver.cpp.o[0m
[2.019s] [ 66%] [32mBuilding CXX object CMakeFiles/mpu6050driver.dir/src/mpu6050sensor.cpp.o[0m
[3.608s] In file included from [01m[K/home/golftrolley/robot_ws/src/ros2_mpu6050_driver/src/mpu6050sensor.cpp:1[m[K:
[3.610s] [01m[K/home/golftrolley/robot_ws/src/ros2_mpu6050_driver/include/mpu6050driver/mpu6050sensor.h:76:28:[m[K [01;31m[Kerror: [m[Kfield â€˜[01m[KACCEL_RANGES[m[Kâ€™ has incomplete type â€˜[01m[Kconst std::array<int, 4>[m[Kâ€™
[3.617s]    76 |   const std::array<int, 4> [01;31m[KACCEL_RANGES[m[K{2, 4, 8, 16};
[3.619s]       |                            [01;31m[K^~~~~~~~~~~~[m[K
[3.623s] In file included from [01m[K/usr/include/c++/13/bits/memory_resource.h:47[m[K,
[3.626s]                  from [01m[K/usr/include/c++/13/string:58[m[K,
[3.628s]                  from [01m[K/home/golftrolley/robot_ws/src/ros2_mpu6050_driver/include/mpu6050driver/mpu6050sensor.h:4[m[K:
[3.633s] [01m[K/usr/include/c++/13/tuple:2019:45:[m[K [01;36m[Knote: [m[Kdeclaration of â€˜[01m[Kstruct std::array<int, 4>[m[Kâ€™
[3.639s]  2019 |   template<typename _Tp, size_t _Nm> struct [01;36m[Karray[m[K;
[3.641s]       |                                             [01;36m[K^~~~~[m[K
[3.645s] [01m[K/home/golftrolley/robot_ws/src/ros2_mpu6050_driver/include/mpu6050driver/mpu6050sensor.h:77:28:[m[K [01;31m[Kerror: [m[Kfield â€˜[01m[KGYRO_RANGES[m[Kâ€™ has incomplete type â€˜[01m[Kconst std::array<int, 4>[m[Kâ€™
[3.646s]    77 |   const std::array<int, 4> [01;31m[KGYRO_RANGES[m[K{250, 500, 1000, 2000};
[3.648s]       |                            [01;31m[K^~~~~~~~~~~[m[K
[3.649s] [01m[K/usr/include/c++/13/tuple:2019:45:[m[K [01;36m[Knote: [m[Kdeclaration of â€˜[01m[Kstruct std::array<int, 4>[m[Kâ€™
[3.650s]  2019 |   template<typename _Tp, size_t _Nm> struct [01;36m[Karray[m[K;
[3.659s]       |                                             [01;36m[K^~~~~[m[K
[3.659s] [01m[K/home/golftrolley/robot_ws/src/ros2_mpu6050_driver/include/mpu6050driver/mpu6050sensor.h:78:28:[m[K [01;31m[Kerror: [m[Kfield â€˜[01m[KDLPF_RANGES[m[Kâ€™ has incomplete type â€˜[01m[Kconst std::array<int, 7>[m[Kâ€™
[3.660s]    78 |   const std::array<int, 7> [01;31m[KDLPF_RANGES[m[K{260, 184, 94, 44, 21, 10, 5};
[3.675s]       |                            [01;31m[K^~~~~~~~~~~[m[K
[3.675s] [01m[K/usr/include/c++/13/tuple:2019:45:[m[K [01;36m[Knote: [m[Kdeclaration of â€˜[01m[Kstruct std::array<int, 7>[m[Kâ€™
[3.676s]  2019 |   template<typename _Tp, size_t _Nm> struct [01;36m[Karray[m[K;
[3.682s]       |                                             [01;36m[K^~~~~[m[K
[5.570s] In file included from [01m[K/home/golftrolley/robot_ws/src/ros2_mpu6050_driver/include/mpu6050driver/mpu6050driver.h:4[m[K,
[5.574s]                  from [01m[K/home/golftrolley/robot_ws/src/ros2_mpu6050_driver/src/mpu6050driver.cpp:1[m[K:
[5.583s] [01m[K/home/golftrolley/robot_ws/src/ros2_mpu6050_driver/include/mpu6050driver/mpu6050sensor.h:76:28:[m[K [01;31m[Kerror: [m[Kfield â€˜[01m[KACCEL_RANGES[m[Kâ€™ has incomplete type â€˜[01m[Kconst std::array<int, 4>[m[Kâ€™
[5.584s]    76 |   const std::array<int, 4> [01;31m[KACCEL_RANGES[m[K{2, 4, 8, 16};
[5.589s]       |                            [01;31m[K^~~~~~~~~~~~[m[K
[5.591s] In file included from [01m[K/usr/include/c++/13/bits/memory_resource.h:47[m[K,
[5.592s]                  from [01m[K/usr/include/c++/13/string:58[m[K,
[5.599s]                  from [01m[K/home/golftrolley/robot_ws/src/ros2_mpu6050_driver/include/mpu6050driver/mpu6050sensor.h:4[m[K:
[5.603s] [01m[K/usr/include/c++/13/tuple:2019:45:[m[K [01;36m[Knote: [m[Kdeclaration of â€˜[01m[Kstruct std::array<int, 4>[m[Kâ€™
[5.611s]  2019 |   template<typename _Tp, size_t _Nm> struct [01;36m[Karray[m[K;
[5.617s]       |                                             [01;36m[K^~~~~[m[K
[5.619s] [01m[K/home/golftrolley/robot_ws/src/ros2_mpu6050_driver/include/mpu6050driver/mpu6050sensor.h:77:28:[m[K [01;31m[Kerror: [m[Kfield â€˜[01m[KGYRO_RANGES[m[Kâ€™ has incomplete type â€˜[01m[Kconst std::array<int, 4>[m[Kâ€™
[5.620s]    77 |   const std::array<int, 4> [01;31m[KGYRO_RANGES[m[K{250, 500, 1000, 2000};
[5.626s]       |                            [01;31m[K^~~~~~~~~~~[m[K
[5.626s] [01m[K/usr/include/c++/13/tuple:2019:45:[m[K [01;36m[Knote: [m[Kdeclaration of â€˜[01m[Kstruct std::array<int, 4>[m[Kâ€™
[5.627s]  2019 |   template<typename _Tp, size_t _Nm> struct [01;36m[Karray[m[K;
[5.635s]       |                                             [01;36m[K^~~~~[m[K
[5.639s] [01m[K/home/golftrolley/robot_ws/src/ros2_mpu6050_driver/include/mpu6050driver/mpu6050sensor.h:78:28:[m[K [01;31m[Kerror: [m[Kfield â€˜[01m[KDLPF_RANGES[m[Kâ€™ has incomplete type â€˜[01m[Kconst std::array<int, 7>[m[Kâ€™
[5.643s]    78 |   const std::array<int, 7> [01;31m[KDLPF_RANGES[m[K{260, 184, 94, 44, 21, 10, 5};
[5.647s]       |                            [01;31m[K^~~~~~~~~~~[m[K
[5.652s] [01m[K/usr/include/c++/13/tuple:2019:45:[m[K [01;36m[Knote: [m[Kdeclaration of â€˜[01m[Kstruct std::array<int, 7>[m[Kâ€™
[5.653s]  2019 |   template<typename _Tp, size_t _Nm> struct [01;36m[Karray[m[K;
[5.653s]       |                                             [01;36m[K^~~~~[m[K
[5.730s] gmake[2]: *** [CMakeFiles/mpu6050driver.dir/build.make:90: CMakeFiles/mpu6050driver.dir/src/mpu6050sensor.cpp.o] Error 1
[5.731s] gmake[2]: *** Waiting for unfinished jobs....
[19.031s] gmake[2]: *** [CMakeFiles/mpu6050driver.dir/build.make:76: CMakeFiles/mpu6050driver.dir/src/mpu6050driver.cpp.o] Error 1
[19.032s] gmake[1]: *** [CMakeFiles/Makefile2:137: CMakeFiles/mpu6050driver.dir/all] Error 2
[19.033s] gmake: *** [Makefile:146: all] Error 2
[19.042s] Invoked command in '/home/golftrolley/robot_ws/build/mpu6050driver' returned '2': CMAKE_PREFIX_PATH=${CMAKE_PREFIX_PATH}:/home/golftrolley/robot_ws/install/stereo_camera_split:/home/golftrolley/robot_ws/install/golftrolley:/opt/ros/jazzy /usr/bin/cmake --build /home/golftrolley/robot_ws/build/mpu6050driver -- -j4 -l4
