[0.149s] Invoking command in '/home/golftrolley/robot_ws/build/stereo_camera_node': CMAKE_PREFIX_PATH=${CMAKE_PREFIX_PATH}:/home/golftrolley/robot_ws/install/stereo_camera_split:/home/golftrolley/robot_ws/install/serial_motor_demo:/home/golftrolley/robot_ws/install/golftrolley:/opt/ros/jazzy /usr/bin/cmake --build /home/golftrolley/robot_ws/build/stereo_camera_node -- -j4 -l4
[1.108s] [ 25%] [32mBuilding CXX object CMakeFiles/stereo_calibration_capture.dir/src/stereo_calibration_capture.cpp.o[0m
[1.211s] [01m[K/home/golftrolley/robot_ws/src/stereo_camera_node/src/stereo_calibration_capture.cpp:1:10:[m[K [01;31m[Kfatal error: [m[Krclcpp/rclcpp.hpp: No such file or directory
[1.223s]     1 | #include [01;31m[K<rclcpp/rclcpp.hpp>[m[K
[1.233s]       |          [01;31m[K^~~~~~~~~~~~~~~~~~~[m[K
[1.244s] compilation terminated.
[1.257s] gmake[2]: *** [CMakeFiles/stereo_calibration_capture.dir/build.make:76: CMakeFiles/stereo_calibration_capture.dir/src/stereo_calibration_capture.cpp.o] Error 1
[1.266s] gmake[1]: *** [CMakeFiles/Makefile2:139: CMakeFiles/stereo_calibration_capture.dir/all] Error 2
[1.276s] gmake: *** [Makefile:146: all] Error 2
[1.316s] Invoked command in '/home/golftrolley/robot_ws/build/stereo_camera_node' returned '2': CMAKE_PREFIX_PATH=${CMAKE_PREFIX_PATH}:/home/golftrolley/robot_ws/install/stereo_camera_split:/home/golftrolley/robot_ws/install/serial_motor_demo:/home/golftrolley/robot_ws/install/golftrolley:/opt/ros/jazzy /usr/bin/cmake --build /home/golftrolley/robot_ws/build/stereo_camera_node -- -j4 -l4
