[0.063s] Invoking command in '/home/golftrolley/robot_ws/build/mpu6050driver': CMAKE_PREFIX_PATH=${CMAKE_PREFIX_PATH}:/home/golftrolley/robot_ws/install/stereo_camera_split:/home/golftrolley/robot_ws/install/serial_motor_demo:/home/golftrolley/robot_ws/install/golftrolley:/opt/ros/jazzy /usr/bin/cmake /home/golftrolley/robot_ws/src/ros2_mpu6050_driver -DCMAKE_INSTALL_PREFIX=/home/golftrolley/robot_ws/install/mpu6050driver
[0.609s] -- The C compiler identification is GNU 13.3.0
[1.084s] -- The CXX compiler identification is GNU 13.3.0
[1.220s] -- Detecting C compiler ABI info
[2.013s] -- Detecting C compiler ABI info - done
[2.069s] -- Check for working C compiler: /usr/bin/cc - skipped
[2.072s] -- Detecting C compile features
[2.073s] -- Detecting C compile features - done
[2.151s] -- Detecting CXX compiler ABI info
[2.982s] -- Detecting CXX compiler ABI info - done
[3.052s] -- Check for working CXX compiler: /usr/bin/c++ - skipped
[3.057s] -- Detecting CXX compile features
[3.058s] -- Detecting CXX compile features - done
[3.122s] -- Found ament_cmake: 2.5.4 (/opt/ros/jazzy/share/ament_cmake/cmake)
[4.372s] -- Found Python3: /usr/bin/python3 (found version "3.12.3") found components: Interpreter 
[5.580s] -- Found rclcpp: 28.1.10 (/opt/ros/jazzy/share/rclcpp/cmake)
[6.156s] -- Found rosidl_generator_c: 4.6.5 (/opt/ros/jazzy/share/rosidl_generator_c/cmake)
[6.320s] -- Found rosidl_generator_cpp: 4.6.5 (/opt/ros/jazzy/share/rosidl_generator_cpp/cmake)
[6.499s] -- Using all available rosidl_typesupport_c: rosidl_typesupport_fastrtps_c;rosidl_typesupport_introspection_c
[6.740s] -- Using all available rosidl_typesupport_cpp: rosidl_typesupport_fastrtps_cpp;rosidl_typesupport_introspection_cpp
[7.434s] -- Found rmw_implementation_cmake: 7.3.2 (/opt/ros/jazzy/share/rmw_implementation_cmake/cmake)
[7.474s] -- Found rmw_fastrtps_cpp: 8.4.2 (/opt/ros/jazzy/share/rmw_fastrtps_cpp/cmake)
[8.241s] -- Found OpenSSL: /usr/lib/aarch64-linux-gnu/libcrypto.so (found version "3.0.13")  
[8.376s] -- Found FastRTPS: /opt/ros/jazzy/include (Required is at least version "2.13") 
[8.521s] -- Using RMW implementation 'rmw_fastrtps_cpp' as default
[9.093s] -- Found sensor_msgs: 5.3.6 (/opt/ros/jazzy/share/sensor_msgs/cmake)
[10.211s] -- Configuring done (10.1s)
[10.351s] -- Generating done (0.1s)
[10.389s] -- Build files have been written to: /home/golftrolley/robot_ws/build/mpu6050driver
[10.457s] Invoked command in '/home/golftrolley/robot_ws/build/mpu6050driver' returned '0': CMAKE_PREFIX_PATH=${CMAKE_PREFIX_PATH}:/home/golftrolley/robot_ws/install/stereo_camera_split:/home/golftrolley/robot_ws/install/serial_motor_demo:/home/golftrolley/robot_ws/install/golftrolley:/opt/ros/jazzy /usr/bin/cmake /home/golftrolley/robot_ws/src/ros2_mpu6050_driver -DCMAKE_INSTALL_PREFIX=/home/golftrolley/robot_ws/install/mpu6050driver
[10.467s] Invoking command in '/home/golftrolley/robot_ws/build/mpu6050driver': CMAKE_PREFIX_PATH=${CMAKE_PREFIX_PATH}:/home/golftrolley/robot_ws/install/stereo_camera_split:/home/golftrolley/robot_ws/install/serial_motor_demo:/home/golftrolley/robot_ws/install/golftrolley:/opt/ros/jazzy /usr/bin/cmake --build /home/golftrolley/robot_ws/build/mpu6050driver -- -j4 -l4
[11.100s] [ 33%] [32mBuilding CXX object CMakeFiles/mpu6050driver.dir/src/mpu6050driver.cpp.o[0m
[11.126s] [ 66%] [32mBuilding CXX object CMakeFiles/mpu6050driver.dir/src/mpu6050sensor.cpp.o[0m
[39.426s] [100%] [32m[1mLinking CXX executable mpu6050driver[0m
[40.404s] gmake[2]: *** Deleting file 'mpu6050driver'
[40.412s] gmake[2]: *** [CMakeFiles/mpu6050driver.dir/build.make:201: mpu6050driver] Interrupt
[40.416s] gmake[1]: *** [CMakeFiles/Makefile2:137: CMakeFiles/mpu6050driver.dir/all] Interrupt
[40.417s] gmake: *** [Makefile:146: all] Interrupt
